[ 2016-11-16T10:22:35+08:00 ] 192.168.199.121 /yyg/
INFO: [ app_init ] --START--
INFO: Run Behavior\BuildLiteBehavior [ RunTime:0.000011s ]
INFO: [ app_init ] --END-- [ RunTime:0.000459s ]
INFO: [ app_begin ] --START--
INFO: Run Behavior\ReadHtmlCacheBehavior [ RunTime:0.000705s ]
INFO: [ app_begin ] --END-- [ RunTime:0.000748s ]
INFO: [ view_parse ] --START--
INFO: [ template_filter ] --START--
INFO: Run Behavior\ContentReplaceBehavior [ RunTime:0.000028s ]
INFO: [ template_filter ] --END-- [ RunTime:0.000068s ]
INFO: Run Behavior\ParseTemplateBehavior [ RunTime:0.004809s ]
INFO: [ view_parse ] --END-- [ RunTime:0.004840s ]
INFO: [ view_filter ] --START--
INFO: Run Behavior\WriteHtmlCacheBehavior [ RunTime:0.000317s ]
INFO: [ view_filter ] --END-- [ RunTime:0.000344s ]
INFO: [ app_end ] --START--
INFO: Run Behavior\ShowPageTraceBehavior [ RunTime:0.000561s ]
INFO: [ app_end ] --END-- [ RunTime:0.000592s ]

[ 2016-11-16T10:22:40+08:00 ] 192.168.199.121 /index/index
INFO: [ app_init ] --START--
INFO: Run Behavior\BuildLiteBehavior [ RunTime:0.000009s ]
INFO: [ app_init ] --END-- [ RunTime:0.000244s ]
INFO: [ app_begin ] --START--
INFO: Run Behavior\ReadHtmlCacheBehavior [ RunTime:0.000339s ]
INFO: [ app_begin ] --END-- [ RunTime:0.000385s ]
NOTIC: [2048] Declaration of Duipi\Controller\IndexController::show() should be compatible with Think\Controller::show($content, $charset = '', $contentType = '', $prefix = '') /Applications/XAMPP/xamppfiles/htdocs/yyg/Duipi/Controller/IndexController.class.php 第 12 行.
SQL: SHOW COLUMNS FROM `yys_shai` [ RunTime:0.0022s ]
SQL: SELECT * FROM `yys_shai` WHERE `shenhe` = 1 ORDER BY `sd_id` LIMIT 6   [ RunTime:0.0002s ]
SQL: SHOW COLUMNS FROM `yys_shangpin` [ RunTime:0.0014s ]
SQL: SELECT `id`,`sid`,`cateid`,`brandid`,`title`,`title`,`title2`,`keywords`,`description`,`money`,`yunjiage`,`zongrenshu`,`canyurenshu`,`shenyurenshu`,`def_renshu`,`qishu`,`maxqishu`,`thumb`,`picarr`,`codes_table`,`xsjx_time`,`pos`,`renqi`,`time`,`q_uid`,`q_user`,`q_user_code`,`q_content`,`q_counttime`,`q_end_time`,`q_showtime`,`renqi1`,`ka`,`mi`,`ex_yuedingzhongjiang`,`cardId`,`cardPwd`,`cardId1`,`leixing`,`yuanjia`,`q_end_cp`,`fahuo` FROM `yys_shangpin` WHERE (  q_uid is null and pos = '1' ) ORDER BY canyurenshu DESC LIMIT 8   [ RunTime:0.0007s ]
SQL: SHOW COLUMNS FROM `yys_flash` [ RunTime:0.0016s ]
SQL: SELECT * FROM `yys_flash` WHERE `pid` = 0 ORDER BY `sort`  [ RunTime:0.0005s ]
INFO: [ view_parse ] --START--
INFO: [ template_filter ] --START--
INFO: Run Behavior\ContentReplaceBehavior [ RunTime:0.000129s ]
INFO: [ template_filter ] --END-- [ RunTime:0.000163s ]
SQL: SHOW COLUMNS FROM `yys_fenlei` [ RunTime:0.0015s ]
SQL: SELECT * FROM `yys_fenlei` WHERE `model` = 1 AND `parentid` = 0 ORDER BY `order` DESC LIMIT 15   [ RunTime:0.0006s ]
SQL: SHOW COLUMNS FROM `yys_guanggao_shuju` [ RunTime:0.0011s ]
SQL: SELECT * FROM `yys_guanggao_shuju` WHERE `title` = '首页头' LIMIT 1   [ RunTime:0.0005s ]
SQL: SHOW COLUMNS FROM `yys_yonghu` [ RunTime:0.0023s ]
SQL: SELECT `username`,`email`,`mobile` FROM `yys_yonghu` WHERE `uid` = 0 LIMIT 1   [ RunTime:0.0002s ]
SQL: SHOW COLUMNS FROM `yys_pinpai` [ RunTime:0.0014s ]
SQL: SELECT * FROM `yys_pinpai` WHERE `status` = 'Y' ORDER BY `order` DESC  [ RunTime:0.0010s ]
NOTIC: [8] Use of undefined constant content - assumed 'content' /Applications/XAMPP/xamppfiles/htdocs/yyg/Runtime/Cache/Duipi/442752df528e22af6f34abde595de2cd.php 第 159 行.
NOTIC: [8] Use of undefined constant name - assumed 'name' /Applications/XAMPP/xamppfiles/htdocs/yyg/Runtime/Cache/Duipi/442752df528e22af6f34abde595de2cd.php 第 168 行.
NOTIC: [8] Undefined variable: louname /Applications/XAMPP/xamppfiles/htdocs/yyg/Runtime/Cache/Duipi/442752df528e22af6f34abde595de2cd.php 第 168 行.
NOTIC: [8] Undefined index:  /Applications/XAMPP/xamppfiles/htdocs/yyg/Runtime/Cache/Duipi/442752df528e22af6f34abde595de2cd.php 第 168 行.
NOTIC: [8] Undefined variable: louname /Applications/XAMPP/xamppfiles/htdocs/yyg/Runtime/Cache/Duipi/442752df528e22af6f34abde595de2cd.php 第 168 行.
SQL: SHOW COLUMNS FROM `yys_configs` [ RunTime:0.0012s ]
SQL: SELECT * FROM `yys_configs` WHERE `name` = 'web_logo' LIMIT 1   [ RunTime:0.0005s ]
SQL: SHOW COLUMNS FROM `yys_linshi` [ RunTime:0.0012s ]
SQL: SELECT * FROM `yys_linshi` WHERE `key` = 'goods_count_num' LIMIT 1   [ RunTime:0.0005s ]
NOTIC: [8] Undefined variable: i /Applications/XAMPP/xamppfiles/htdocs/yyg/Runtime/Cache/Duipi/442752df528e22af6f34abde595de2cd.php 第 288 行.
NOTIC: [8] Undefined variable: i /Applications/XAMPP/xamppfiles/htdocs/yyg/Runtime/Cache/Duipi/442752df528e22af6f34abde595de2cd.php 第 288 行.
SQL: SELECT * FROM `yys_fenlei` WHERE `model` = 1 AND `parentid` = 30 ORDER BY `order` DESC  [ RunTime:0.0002s ]
SQL: SHOW COLUMNS FROM `yys_daohang` [ RunTime:0.0010s ]
SQL: SELECT * FROM `yys_daohang` WHERE `status` = 'Y' AND `type` = 'index' ORDER BY `order` desc  [ RunTime:0.0007s ]
SQL: SELECT * FROM `yys_daohang` WHERE `status` = 'Y' AND `type` = 'faxian' ORDER BY `order` desc  [ RunTime:0.0002s ]
SQL: SELECT * FROM `yys_flash` WHERE `pid` = 34 ORDER BY `sort` ASC  [ RunTime:0.0002s ]
SQL: SELECT * FROM `yys_flash` WHERE `pid` = 15 ORDER BY `sort` ASC  [ RunTime:0.0001s ]
SQL: SELECT * FROM `yys_flash` WHERE `pid` = 14 ORDER BY `sort` ASC  [ RunTime:0.0001s ]
SQL: SELECT * FROM `yys_flash` WHERE `pid` = 30 ORDER BY `sort` ASC  [ RunTime:0.0001s ]
SQL: SELECT * FROM `yys_flash` WHERE `pid` = 31 ORDER BY `sort` ASC  [ RunTime:0.0001s ]
SQL: SELECT * FROM `yys_flash` WHERE `pid` = 32 ORDER BY `sort` ASC  [ RunTime:0.0001s ]
SQL: SELECT * FROM `yys_flash` WHERE `pid` = 35 ORDER BY `sort` ASC  [ RunTime:0.0001s ]
SQL: SELECT * FROM `yys_flash` WHERE `pid` = 36 ORDER BY `sort` ASC  [ RunTime:0.0001s ]
SQL: SELECT * FROM `yys_flash` WHERE `pid` = 37 ORDER BY `sort` ASC  [ RunTime:0.0001s ]
SQL: SELECT * FROM `yys_flash` WHERE `pid` = 38 ORDER BY `sort` ASC  [ RunTime:0.0001s ]
SQL: SELECT * FROM `yys_flash` WHERE `pid` = 39 ORDER BY `sort` ASC  [ RunTime:0.0001s ]
SQL: SELECT * FROM `yys_flash` WHERE `pid` = 40 ORDER BY `sort` ASC  [ RunTime:0.0001s ]
SQL: SELECT * FROM `yys_flash` WHERE `pid` = 41 ORDER BY `sort` ASC  [ RunTime:0.0001s ]
SQL: SELECT * FROM `yys_fenlei` WHERE `name` = '网站公告' ORDER BY `order` LIMIT 1   [ RunTime:0.0002s ]
SQL: SHOW COLUMNS FROM `yys_wenzhang` [ RunTime:0.0013s ]
SQL: SELECT * FROM `yys_wenzhang` WHERE `cateid` = '81' ORDER BY `posttime` DESC  [ RunTime:0.0007s ]
NOTIC: [8] Use of undefined constant id - assumed 'id' /Applications/XAMPP/xamppfiles/htdocs/yyg/Runtime/Cache/Duipi/442752df528e22af6f34abde595de2cd.php 第 432 行.
NOTIC: [8] Use of undefined constant title - assumed 'title' /Applications/XAMPP/xamppfiles/htdocs/yyg/Runtime/Cache/Duipi/442752df528e22af6f34abde595de2cd.php 第 432 行.
NOTIC: [8] Use of undefined constant title - assumed 'title' /Applications/XAMPP/xamppfiles/htdocs/yyg/Runtime/Cache/Duipi/442752df528e22af6f34abde595de2cd.php 第 432 行.
NOTIC: [8] Use of undefined constant posttime - assumed 'posttime' /Applications/XAMPP/xamppfiles/htdocs/yyg/Runtime/Cache/Duipi/442752df528e22af6f34abde595de2cd.php 第 432 行.
SQL: SELECT `qishu`,`id`,`sid`,`thumb`,`title`,`q_uid`,`q_user`,`q_user_code`,`zongrenshu` FROM `yys_shangpin` WHERE ( q_end_time is not null and q_showtime = 'N' ) ORDER BY q_end_time DESC LIMIT 10   [ RunTime:0.0002s ]
SQL: SELECT * FROM `yys_fenlei` WHERE `model` = 1 AND `parentid` = 30 ORDER BY `order` DESC  [ RunTime:0.0002s ]
SQL: SELECT `id`,`sid`,`cateid`,`brandid`,`title`,`title`,`title2`,`keywords`,`description`,`money`,`yunjiage`,`zongrenshu`,`canyurenshu`,`shenyurenshu`,`def_renshu`,`qishu`,`maxqishu`,`thumb`,`picarr`,`codes_table`,`xsjx_time`,`pos`,`renqi`,`time`,`q_uid`,`q_user`,`q_user_code`,`q_content`,`q_counttime`,`q_end_time`,`q_showtime`,`renqi1`,`ka`,`mi`,`ex_yuedingzhongjiang`,`cardId`,`cardPwd`,`cardId1`,`leixing`,`yuanjia`,`q_end_cp`,`q_end_qishu`,`fahuo` FROM `yys_shangpin` WHERE ( cateid in ('','31','84') and pos!=1 and q_uid is null ) ORDER BY canyurenshu DESC,shenyurenshu LIMIT 4   [ RunTime:0.0002s ]
SQL: SELECT * FROM `yys_wenzhang` WHERE `cateid` = '81' ORDER BY `posttime` DESC LIMIT 4   [ RunTime:0.0002s ]
NOTIC: [8] Use of undefined constant posttime - assumed 'posttime' /Applications/XAMPP/xamppfiles/htdocs/yyg/Runtime/Cache/Duipi/442752df528e22af6f34abde595de2cd.php 第 639 行.
NOTIC: [8] Use of undefined constant posttime - assumed 'posttime' /Applications/XAMPP/xamppfiles/htdocs/yyg/Runtime/Cache/Duipi/442752df528e22af6f34abde595de2cd.php 第 641 行.
NOTIC: [8] Use of undefined constant title - assumed 'title' /Applications/XAMPP/xamppfiles/htdocs/yyg/Runtime/Cache/Duipi/442752df528e22af6f34abde595de2cd.php 第 644 行.
NOTIC: [8] Use of undefined constant id - assumed 'id' /Applications/XAMPP/xamppfiles/htdocs/yyg/Runtime/Cache/Duipi/442752df528e22af6f34abde595de2cd.php 第 644 行.
NOTIC: [8] Use of undefined constant title - assumed 'title' /Applications/XAMPP/xamppfiles/htdocs/yyg/Runtime/Cache/Duipi/442752df528e22af6f34abde595de2cd.php 第 645 行.
NOTIC: [8] Use of undefined constant content - assumed 'content' /Applications/XAMPP/xamppfiles/htdocs/yyg/Runtime/Cache/Duipi/442752df528e22af6f34abde595de2cd.php 第 647 行.
SQL: SELECT * FROM `yys_fenlei` WHERE ( parentid='1' and name!='网站公告' ) ORDER BY `order`  [ RunTime:0.0002s ]
SQL: SELECT * FROM `yys_wenzhang` WHERE `cateid` = '2'  [ RunTime:0.0007s ]
SQL: SELECT * FROM `yys_wenzhang` WHERE `cateid` = '3'  [ RunTime:0.0004s ]
SQL: SELECT * FROM `yys_wenzhang` WHERE `cateid` = '4'  [ RunTime:0.0002s ]
SQL: SELECT * FROM `yys_wenzhang` WHERE `cateid` = '95'  [ RunTime:0.0002s ]
SQL: SELECT * FROM `yys_daohang` WHERE `status` = 'Y' AND `type` = 'foot' ORDER BY `order` desc  [ RunTime:0.0002s ]
INFO: Run Behavior\ParseTemplateBehavior [ RunTime:0.050415s ]
INFO: [ view_parse ] --END-- [ RunTime:0.050442s ]
INFO: [ view_filter ] --START--
INFO: Run Behavior\WriteHtmlCacheBehavior [ RunTime:0.000160s ]
INFO: [ view_filter ] --END-- [ RunTime:0.000181s ]
INFO: [ app_end ] --START--
INFO: Run Behavior\ShowPageTraceBehavior [ RunTime:0.000325s ]
INFO: [ app_end ] --END-- [ RunTime:0.000351s ]

[ 2016-11-16T10:22:41+08:00 ] 192.168.199.121 /goods/buy_count
INFO: [ app_init ] --START--
INFO: Run Behavior\BuildLiteBehavior [ RunTime:0.000008s ]
INFO: [ app_init ] --END-- [ RunTime:0.000204s ]
INFO: [ app_begin ] --START--
INFO: Run Behavior\ReadHtmlCacheBehavior [ RunTime:0.000263s ]
INFO: [ app_begin ] --END-- [ RunTime:0.000291s ]
SQL: SHOW COLUMNS FROM `yys_fenlei` [ RunTime:0.0011s ]
SQL: SELECT * FROM `yys_fenlei` WHERE `model` = 1 AND `parentid` = 0 ORDER BY `order` DESC LIMIT 15   [ RunTime:0.0003s ]
SQL: SHOW COLUMNS FROM `yys_guanggao_shuju` [ RunTime:0.0013s ]
SQL: SELECT * FROM `yys_guanggao_shuju` WHERE `title` = '首页头' LIMIT 1   [ RunTime:0.0002s ]
SQL: SHOW COLUMNS FROM `yys_yonghu` [ RunTime:0.0016s ]
SQL: SELECT `username`,`email`,`mobile` FROM `yys_yonghu` WHERE `uid` = 0 LIMIT 1   [ RunTime:0.0002s ]
SQL: SHOW COLUMNS FROM `yys_pinpai` [ RunTime:0.0015s ]
SQL: SELECT * FROM `yys_pinpai` WHERE `status` = 'Y' ORDER BY `order` DESC  [ RunTime:0.0008s ]
SQL: SHOW COLUMNS FROM `yys_shangpin` [ RunTime:0.0024s ]
SQL: SELECT * FROM `yys_shangpin` LIMIT 1   [ RunTime:0.0003s ]
NOTIC: [8] Use of undefined constant success - assumed 'success' /Applications/XAMPP/xamppfiles/htdocs/yyg/Duipi/Controller/GoodsController.class.php 第 2897 行.
NOTIC: [8] Undefined index: count /Applications/XAMPP/xamppfiles/htdocs/yyg/Duipi/Controller/GoodsController.class.php 第 2898 行.
NOTIC: [8] Undefined index: count /Applications/XAMPP/xamppfiles/htdocs/yyg/Duipi/Controller/GoodsController.class.php 第 2899 行.
NOTIC: [8] Undefined offset: 1 /Applications/XAMPP/xamppfiles/htdocs/yyg/Duipi/Controller/GoodsController.class.php 第 2901 行.

[ 2016-11-16T10:22:41+08:00 ] 192.168.199.121 /goods/lottery_shop_json/1479262961194?gid=
INFO: [ app_init ] --START--
INFO: Run Behavior\BuildLiteBehavior [ RunTime:0.000014s ]
INFO: [ app_init ] --END-- [ RunTime:0.000345s ]
INFO: [ app_begin ] --START--
INFO: Run Behavior\ReadHtmlCacheBehavior [ RunTime:0.000365s ]
INFO: [ app_begin ] --END-- [ RunTime:0.000398s ]
SQL: SHOW COLUMNS FROM `yys_fenlei` [ RunTime:0.0017s ]
SQL: SELECT * FROM `yys_fenlei` WHERE `model` = 1 AND `parentid` = 0 ORDER BY `order` DESC LIMIT 15   [ RunTime:0.0003s ]
SQL: SHOW COLUMNS FROM `yys_guanggao_shuju` [ RunTime:0.0013s ]
SQL: SELECT * FROM `yys_guanggao_shuju` WHERE `title` = '首页头' LIMIT 1   [ RunTime:0.0004s ]
SQL: SHOW COLUMNS FROM `yys_yonghu` [ RunTime:0.0020s ]
SQL: SELECT `username`,`email`,`mobile` FROM `yys_yonghu` WHERE `uid` = 0 LIMIT 1   [ RunTime:0.0002s ]
SQL: SHOW COLUMNS FROM `yys_pinpai` [ RunTime:0.0016s ]
SQL: SELECT * FROM `yys_pinpai` WHERE `status` = 'Y' ORDER BY `order` DESC  [ RunTime:0.0007s ]
SQL: SHOW COLUMNS FROM `yys_shangpin` [ RunTime:0.0021s ]
SQL: SELECT `qishu`,`xsjx_time`,`id`,`zongrenshu`,`thumb`,`title`,`q_uid`,`q_user`,`q_user_code`,`q_end_time` FROM `yys_shangpin` WHERE `q_showtime` = 'Y' ORDER BY q_end_time LIMIT 1   [ RunTime:0.0002s ]
INFO: [ app_end ] --START--
INFO: Run Behavior\ShowPageTraceBehavior [ RunTime:0.000427s ]
INFO: [ app_end ] --END-- [ RunTime:0.000464s ]

[ 2016-11-16T10:22:46+08:00 ] 192.168.199.121 /goods/lottery_shop_json/1479262966194?gid=
INFO: [ app_init ] --START--
INFO: Run Behavior\BuildLiteBehavior [ RunTime:0.000008s ]
INFO: [ app_init ] --END-- [ RunTime:0.000208s ]
INFO: [ app_begin ] --START--
INFO: Run Behavior\ReadHtmlCacheBehavior [ RunTime:0.000270s ]
INFO: [ app_begin ] --END-- [ RunTime:0.000299s ]
SQL: SHOW COLUMNS FROM `yys_fenlei` [ RunTime:0.0025s ]
SQL: SELECT * FROM `yys_fenlei` WHERE `model` = 1 AND `parentid` = 0 ORDER BY `order` DESC LIMIT 15   [ RunTime:0.0003s ]
SQL: SHOW COLUMNS FROM `yys_guanggao_shuju` [ RunTime:0.0012s ]
SQL: SELECT * FROM `yys_guanggao_shuju` WHERE `title` = '首页头' LIMIT 1   [ RunTime:0.0002s ]
SQL: SHOW COLUMNS FROM `yys_yonghu` [ RunTime:0.0013s ]
SQL: SELECT `username`,`email`,`mobile` FROM `yys_yonghu` WHERE `uid` = 0 LIMIT 1   [ RunTime:0.0002s ]
SQL: SHOW COLUMNS FROM `yys_pinpai` [ RunTime:0.0010s ]
SQL: SELECT * FROM `yys_pinpai` WHERE `status` = 'Y' ORDER BY `order` DESC  [ RunTime:0.0006s ]
SQL: SHOW COLUMNS FROM `yys_shangpin` [ RunTime:0.0014s ]
SQL: SELECT `qishu`,`xsjx_time`,`id`,`zongrenshu`,`thumb`,`title`,`q_uid`,`q_user`,`q_user_code`,`q_end_time` FROM `yys_shangpin` WHERE `q_showtime` = 'Y' ORDER BY q_end_time LIMIT 1   [ RunTime:0.0002s ]
INFO: [ app_end ] --START--
INFO: Run Behavior\ShowPageTraceBehavior [ RunTime:0.000444s ]
INFO: [ app_end ] --END-- [ RunTime:0.000479s ]

[ 2016-11-16T10:22:51+08:00 ] 192.168.199.121 /goods/lottery_shop_json/1479262971195?gid=
INFO: [ app_init ] --START--
INFO: Run Behavior\BuildLiteBehavior [ RunTime:0.000009s ]
INFO: [ app_init ] --END-- [ RunTime:0.000212s ]
INFO: [ app_begin ] --START--
INFO: Run Behavior\ReadHtmlCacheBehavior [ RunTime:0.000256s ]
INFO: [ app_begin ] --END-- [ RunTime:0.000282s ]
SQL: SHOW COLUMNS FROM `yys_fenlei` [ RunTime:0.0033s ]
SQL: SELECT * FROM `yys_fenlei` WHERE `model` = 1 AND `parentid` = 0 ORDER BY `order` DESC LIMIT 15   [ RunTime:0.0003s ]
SQL: SHOW COLUMNS FROM `yys_guanggao_shuju` [ RunTime:0.0011s ]
SQL: SELECT * FROM `yys_guanggao_shuju` WHERE `title` = '首页头' LIMIT 1   [ RunTime:0.0002s ]
SQL: SHOW COLUMNS FROM `yys_yonghu` [ RunTime:0.0018s ]
SQL: SELECT `username`,`email`,`mobile` FROM `yys_yonghu` WHERE `uid` = 0 LIMIT 1   [ RunTime:0.0002s ]
SQL: SHOW COLUMNS FROM `yys_pinpai` [ RunTime:0.0010s ]
SQL: SELECT * FROM `yys_pinpai` WHERE `status` = 'Y' ORDER BY `order` DESC  [ RunTime:0.0006s ]
SQL: SHOW COLUMNS FROM `yys_shangpin` [ RunTime:0.0015s ]
SQL: SELECT `qishu`,`xsjx_time`,`id`,`zongrenshu`,`thumb`,`title`,`q_uid`,`q_user`,`q_user_code`,`q_end_time` FROM `yys_shangpin` WHERE `q_showtime` = 'Y' ORDER BY q_end_time LIMIT 1   [ RunTime:0.0002s ]
INFO: [ app_end ] --START--
INFO: Run Behavior\ShowPageTraceBehavior [ RunTime:0.000364s ]
INFO: [ app_end ] --END-- [ RunTime:0.000397s ]

[ 2016-11-16T10:22:56+08:00 ] 192.168.199.121 /goods/lottery_shop_json/1479262976195?gid=
INFO: [ app_init ] --START--
INFO: Run Behavior\BuildLiteBehavior [ RunTime:0.000010s ]
INFO: [ app_init ] --END-- [ RunTime:0.000203s ]
INFO: [ app_begin ] --START--
INFO: Run Behavior\ReadHtmlCacheBehavior [ RunTime:0.000254s ]
INFO: [ app_begin ] --END-- [ RunTime:0.000282s ]
SQL: SHOW COLUMNS FROM `yys_fenlei` [ RunTime:0.0019s ]
SQL: SELECT * FROM `yys_fenlei` WHERE `model` = 1 AND `parentid` = 0 ORDER BY `order` DESC LIMIT 15   [ RunTime:0.0003s ]
SQL: SHOW COLUMNS FROM `yys_guanggao_shuju` [ RunTime:0.0012s ]
SQL: SELECT * FROM `yys_guanggao_shuju` WHERE `title` = '首页头' LIMIT 1   [ RunTime:0.0002s ]
SQL: SHOW COLUMNS FROM `yys_yonghu` [ RunTime:0.0014s ]
SQL: SELECT `username`,`email`,`mobile` FROM `yys_yonghu` WHERE `uid` = 0 LIMIT 1   [ RunTime:0.0002s ]
SQL: SHOW COLUMNS FROM `yys_pinpai` [ RunTime:0.0013s ]
SQL: SELECT * FROM `yys_pinpai` WHERE `status` = 'Y' ORDER BY `order` DESC  [ RunTime:0.0006s ]
SQL: SHOW COLUMNS FROM `yys_shangpin` [ RunTime:0.0014s ]
SQL: SELECT `qishu`,`xsjx_time`,`id`,`zongrenshu`,`thumb`,`title`,`q_uid`,`q_user`,`q_user_code`,`q_end_time` FROM `yys_shangpin` WHERE `q_showtime` = 'Y' ORDER BY q_end_time LIMIT 1   [ RunTime:0.0002s ]
INFO: [ app_end ] --START--
INFO: Run Behavior\ShowPageTraceBehavior [ RunTime:0.000354s ]
INFO: [ app_end ] --END-- [ RunTime:0.000422s ]

